<?xml version="1.0" encoding="UTF-8"?>
<testsuite xmlns:xsi="http://www.w3.org/2001/XMLSchema-instance" xsi:noNamespaceSchemaLocation="https://maven.apache.org/surefire/maven-surefire-plugin/xsd/surefire-test-report.xsd" name="TestSuite" time="1.021" tests="9" errors="0" skipped="8" failures="1">
  <properties>
[...]
</properties>
  <testcase name="setupTest" classname="OnCall.MyTestCases.LoginTest" time="0.81">
    <failure message="&#10;Parameter &apos;browser&apos; is required by @Configuration on method setupTest but has not been marked @Optional or defined&#10;" type="org.testng.TestNGException">org.testng.TestNGException: 

Parameter 'browser' is required by @Configuration on method setupTest but has not been marked @Optional or defined

</failure>
  </testcase>
  <testcase name="setupTest" classname="OnCall.MyTestCases.LoginTest" time="0">
    <skipped/>
  </testcase>
  <testcase name="setupTest" classname="OnCall.MyTestCases.LoginTest" time="0">
    <skipped/>
  </testcase>
  <testcase name="verifyLoginPageTitle" classname="OnCall.MyTestCases.LoginTest" time="0">
    <skipped/>
  </testcase>
  <testcase name="tearDown" classname="OnCall.MyTestCases.LoginTest" time="0">
    <skipped/>
  </testcase>
  <testcase name="tearDown" classname="OnCall.MyTestCases.LoginTest" time="0">
    <skipped/>
  </testcase>
  <testcase name="tearDown" classname="OnCall.MyTestCases.LoginTest" time="0">
    <skipped/>
  </testcase>
  <testcase name="verifyLoginPageheader" classname="OnCall.MyTestCases.LoginTest" time="0">
    <skipped/>
  </testcase>
  <testcase name="doLoingTest" classname="OnCall.MyTestCases.LoginTest" time="0">
    <skipped/>
  </testcase>
</testsuite>