<?xml version="1.0" encoding="UTF-8"?>
<testng-results skipped="3" failed="0" total="3" passed="0">
  <reporter-output>
  </reporter-output>
  <suite name="Surefire suite" duration-ms="52" started-at="2019-10-10T14:27:39Z" finished-at="2019-10-10T14:27:39Z">
    <groups>
    </groups>
    <test name="Surefire test" duration-ms="52" started-at="2019-10-10T14:27:39Z" finished-at="2019-10-10T14:27:39Z">
      <class name="OnCall.MyTestCases.LoginTest">
        <test-method status="FAIL" signature="setupTest(java.lang.String)[pri:0, instance:OnCall.MyTestCases.LoginTest@90f6bfd]" name="setupTest" is-config="true" duration-ms="0" started-at="2019-10-10T19:57:39Z" finished-at="2019-10-10T19:57:39Z">
          <exception class="org.testng.TestNGException">
            <message>
              <![CDATA[
Parameter 'browser' is required by @Configuration on method setupTest but has not been marked @Optional or defined
]]>
            </message>
            <full-stacktrace>
              <![CDATA[org.testng.TestNGException: 
Parameter 'browser' is required by @Configuration on method setupTest but has not been marked @Optional or defined

	at org.testng.internal.Parameters.createParameters(Parameters.java:154)
	at org.testng.internal.Parameters.createParameters(Parameters.java:361)
	at org.testng.internal.Parameters.createConfigurationParameters(Parameters.java:84)
	at org.testng.internal.Invoker.invokeConfigurations(Invoker.java:201)
	at org.testng.internal.Invoker.invokeMethod(Invoker.java:589)
	at org.testng.internal.Invoker.invokeTestMethod(Invoker.java:820)
	at org.testng.internal.Invoker.invokeTestMethods(Invoker.java:1128)
	at org.testng.internal.TestMethodWorker.invokeTestMethods(TestMethodWorker.java:129)
	at org.testng.internal.TestMethodWorker.run(TestMethodWorker.java:112)
	at org.testng.TestRunner.privateRun(TestRunner.java:782)
	at org.testng.TestRunner.run(TestRunner.java:632)
	at org.testng.SuiteRunner.runTest(SuiteRunner.java:366)
	at org.testng.SuiteRunner.runSequentially(SuiteRunner.java:361)
	at org.testng.SuiteRunner.privateRun(SuiteRunner.java:319)
	at org.testng.SuiteRunner.run(SuiteRunner.java:268)
	at org.testng.SuiteRunnerWorker.runSuite(SuiteRunnerWorker.java:52)
	at org.testng.SuiteRunnerWorker.run(SuiteRunnerWorker.java:86)
	at org.testng.TestNG.runSuitesSequentially(TestNG.java:1244)
	at org.testng.TestNG.runSuitesLocally(TestNG.java:1169)
	at org.testng.TestNG.run(TestNG.java:1064)
	at org.apache.maven.surefire.testng.TestNGExecutor.run(TestNGExecutor.java:135)
	at org.apache.maven.surefire.testng.TestNGDirectoryTestSuite.executeMulti(TestNGDirectoryTestSuite.java:193)
	at org.apache.maven.surefire.testng.TestNGDirectoryTestSuite.execute(TestNGDirectoryTestSuite.java:94)
	at org.apache.maven.surefire.testng.TestNGProvider.invoke(TestNGProvider.java:146)
	at org.apache.maven.surefire.booter.ForkedBooter.invokeProviderInSameClassLoader(ForkedBooter.java:384)
	at org.apache.maven.surefire.booter.ForkedBooter.runSuitesInProcess(ForkedBooter.java:345)
	at org.apache.maven.surefire.booter.ForkedBooter.execute(ForkedBooter.java:126)
	at org.apache.maven.surefire.booter.ForkedBooter.main(ForkedBooter.java:418)
]]>
            </full-stacktrace>
          </exception> <!-- org.testng.TestNGException -->
          <reporter-output>
          </reporter-output>
        </test-method> <!-- setupTest -->
        <test-method status="SKIP" signature="verifyLoginPageTitle()[pri:1, instance:OnCall.MyTestCases.LoginTest@90f6bfd]" name="verifyLoginPageTitle" duration-ms="6" started-at="2019-10-10T19:57:39Z" finished-at="2019-10-10T19:57:39Z">
          <reporter-output>
          </reporter-output>
        </test-method> <!-- verifyLoginPageTitle -->
        <test-method status="SKIP" signature="tearDown()[pri:0, instance:OnCall.MyTestCases.LoginTest@90f6bfd]" name="tearDown" is-config="true" duration-ms="0" started-at="2019-10-10T19:57:39Z" finished-at="2019-10-10T19:57:39Z">
          <reporter-output>
          </reporter-output>
        </test-method> <!-- tearDown -->
        <test-method status="SKIP" signature="setupTest(java.lang.String)[pri:0, instance:OnCall.MyTestCases.LoginTest@90f6bfd]" name="setupTest" is-config="true" duration-ms="0" started-at="2019-10-10T19:57:39Z" finished-at="2019-10-10T19:57:39Z">
          <reporter-output>
          </reporter-output>
        </test-method> <!-- setupTest -->
        <test-method status="SKIP" signature="verifyLoginPageheader()[pri:2, instance:OnCall.MyTestCases.LoginTest@90f6bfd]" name="verifyLoginPageheader" duration-ms="0" started-at="2019-10-10T19:57:39Z" finished-at="2019-10-10T19:57:39Z">
          <reporter-output>
          </reporter-output>
        </test-method> <!-- verifyLoginPageheader -->
        <test-method status="SKIP" signature="tearDown()[pri:0, instance:OnCall.MyTestCases.LoginTest@90f6bfd]" name="tearDown" is-config="true" duration-ms="0" started-at="2019-10-10T19:57:39Z" finished-at="2019-10-10T19:57:39Z">
          <reporter-output>
          </reporter-output>
        </test-method> <!-- tearDown -->
        <test-method status="SKIP" signature="doLoingTest()[pri:3, instance:OnCall.MyTestCases.LoginTest@90f6bfd]" name="doLoingTest" duration-ms="0" started-at="2019-10-10T19:57:39Z" finished-at="2019-10-10T19:57:39Z">
          <reporter-output>
          </reporter-output>
        </test-method> <!-- doLoingTest -->
        <test-method status="SKIP" signature="setupTest(java.lang.String)[pri:0, instance:OnCall.MyTestCases.LoginTest@90f6bfd]" name="setupTest" is-config="true" duration-ms="0" started-at="2019-10-10T19:57:39Z" finished-at="2019-10-10T19:57:39Z">
          <reporter-output>
          </reporter-output>
        </test-method> <!-- setupTest -->
        <test-method status="SKIP" signature="tearDown()[pri:0, instance:OnCall.MyTestCases.LoginTest@90f6bfd]" name="tearDown" is-config="true" duration-ms="0" started-at="2019-10-10T19:57:39Z" finished-at="2019-10-10T19:57:39Z">
          <reporter-output>
          </reporter-output>
        </test-method> <!-- tearDown -->
      </class> <!-- OnCall.MyTestCases.LoginTest -->
    </test> <!-- Surefire test -->
  </suite> <!-- Surefire suite -->
</testng-results>
